<?xml version="1.0" encoding="UTF-8"?>
<!-- Generated by org.testng.reporters.JUnitReportReporter -->
<testsuite hostname="DESKTOP-9GI7PER" failures="0" tests="1" name="TestClass.Get_TC1" time="4.833" errors="0" timestamp="2023-04-05T20:45:39 IST" skipped="0">
  <testcase classname="TestClass.Get_TC1" name="orchestrator" time="4.833"/>
  <system-out/>
</testsuite> <!-- TestClass.Get_TC1 -->
